#
# There is insufficient memory for the Java Runtime Environment to continue.
# Native memory allocation (mmap) failed to map 266338304 bytes for Failed to commit area from 0x0000000702800000 to 0x0000000712600000 of length 266338304.
# Possible reasons:
#   The system is out of physical RAM or swap space
#   The process is running with CompressedOops enabled, and the Java Heap may be blocking the growth of the native heap
# Possible solutions:
#   Reduce memory load on the system
#   Increase physical memory or swap space
#   Check if swap backing store is full
#   Decrease Java heap size (-Xmx/-Xms)
#   Decrease number of Java threads
#   Decrease Java thread stack sizes (-Xss)
#   Set larger code cache with -XX:ReservedCodeCacheSize=
# This output file may be truncated or incomplete.
#
#  Out of Memory Error (./open/src/hotspot/os/windows/os_windows.cpp:3287), pid=8032, tid=29388
#
# JRE version:  (11.0.15+8) (build )
# Java VM: Java HotSpot(TM) 64-Bit Server VM (11.0.15+8-LTS-149, mixed mode, sharing, tiered, compressed oops, g1 gc, windows-amd64)
# No core dump will be written. Minidumps are not enabled by default on client versions of Windows
#

---------------  S U M M A R Y ------------

Command Line: -agentlib:jdwp=transport=dt_socket,address=127.0.0.1:55022,suspend=y,server=n -ea -Didea.test.cyclic.buffer.size=1048576 -javaagent:C:\Users\honor\.IntelliJIdea2019.2\system\captureAgent\debugger-agent.jar -Dfile.encoding=UTF-8 com.intellij.rt.execution.junit.JUnitStarter -ideVersion5 -junit4 com.mybatis.demo.TestEmp,builderQuery

Host: Intel(R) Core(TM) i5-10210U CPU @ 1.60GHz, 8 cores, 15G,  Windows 11 , 64 bit Build 22000 (10.0.22000.1335)
Time: Fri Dec 30 10:39:52 2022 中国标准时间 elapsed time: 0.009554 seconds (0d 0h 0m 0s)

---------------  T H R E A D  ---------------

Current thread (0x0000020bce4cd000):  JavaThread "Unknown thread" [_thread_in_vm, id=29388, stack(0x000000fdaab00000,0x000000fdaac00000)]

Stack: [0x000000fdaab00000,0x000000fdaac00000]
Native frames: (J=compiled Java code, j=interpreted, Vv=VM code, C=native code)
V  [jvm.dll+0x629d8a]
V  [jvm.dll+0x7638ff]
V  [jvm.dll+0x764fa9]
V  [jvm.dll+0x765633]
V  [jvm.dll+0x23d9c8]
V  [jvm.dll+0x6270aa]
V  [jvm.dll+0x61be35]
V  [jvm.dll+0x2f27dc]
V  [jvm.dll+0x2f2662]
V  [jvm.dll+0x2f7386]
V  [jvm.dll+0x339d8f]
V  [jvm.dll+0x3397c0]
V  [jvm.dll+0x2cfdf8]
V  [jvm.dll+0x2d0f66]
V  [jvm.dll+0x73df07]
V  [jvm.dll+0x73f79f]
V  [jvm.dll+0x346ab9]
V  [jvm.dll+0x723810]
V  [jvm.dll+0x3b56cf]
V  [jvm.dll+0x3b77e1]
C  [jli.dll+0x5207]
C  [ucrtbase.dll+0x26c0c]
C  [KERNEL32.DLL+0x155a0]
C  [ntdll.dll+0x485b]


---------------  P R O C E S S  ---------------

Threads class SMR info:
_java_thread_list=0x0000020bce395ae0, length=0, elements={
}

Java Threads: ( => current thread )

Other Threads:
  0x0000020bce4e0800 GCTaskThread "GC Thread#0" [stack: 0x000000fdaac00000,0x000000fdaad00000] [id=22048]
  0x0000020bce53e000 ConcurrentGCThread "G1 Main Marker" [stack: 0x000000fdaad00000,0x000000fdaae00000] [id=6680]
  0x0000020bce541000 ConcurrentGCThread "G1 Conc#0" [stack: 0x000000fdaae00000,0x000000fdaaf00000] [id=28976]

[error occurred during error reporting (printing all threads), id 0xc0000005, EXCEPTION_ACCESS_VIOLATION (0xc0000005) at pc=0x00007ff93d2df087]

VM state:not at safepoint (not fully initialized)

VM Mutex/Monitor currently owned by a thread:  ([mutex/lock_event])
[0x0000020bce4c91a0] Heap_lock - owner thread: 0x0000020bce4cd000

Heap address: 0x0000000702800000, size: 4056 MB, Compressed Oops mode: Non-zero based: 0x0000000702800000
Narrow klass base: 0x0000000000000000, Narrow klass shift: 0

GC Heap History (0 events):
No events

Deoptimization events (0 events):
No events

Classes redefined (0 events):
No events

Internal exceptions (0 events):
No events

Events (0 events):
No events


Dynamic libraries:
0x00007ff6c7670000 - 0x00007ff6c767f000 	E:\tool\jdk-11.0.15\bin\java.exe
0x00007ff99cf60000 - 0x00007ff99d169000 	C:\WINDOWS\SYSTEM32\ntdll.dll
0x00007ff99baa0000 - 0x00007ff99bb5e000 	C:\WINDOWS\System32\KERNEL32.DLL
0x00007ff99a790000 - 0x00007ff99ab0b000 	C:\WINDOWS\System32\KERNELBASE.dll
0x00007ff99a670000 - 0x00007ff99a781000 	C:\WINDOWS\System32\ucrtbase.dll
0x00007ff98ffb0000 - 0x00007ff98ffc5000 	E:\tool\jdk-11.0.15\bin\VCRUNTIME140.dll
0x00007ff98fb80000 - 0x00007ff98fb98000 	E:\tool\jdk-11.0.15\bin\jli.dll
0x00007ff99be30000 - 0x00007ff99bede000 	C:\WINDOWS\System32\ADVAPI32.dll
0x00007ff99cac0000 - 0x00007ff99cb63000 	C:\WINDOWS\System32\msvcrt.dll
0x00007ff99b0c0000 - 0x00007ff99b15e000 	C:\WINDOWS\System32\sechost.dll
0x00007ff99bc50000 - 0x00007ff99bd70000 	C:\WINDOWS\System32\RPCRT4.dll
0x00007ff99b860000 - 0x00007ff99ba0d000 	C:\WINDOWS\System32\USER32.dll
0x00007ff99adb0000 - 0x00007ff99add6000 	C:\WINDOWS\System32\win32u.dll
0x00007ff9844b0000 - 0x00007ff984755000 	C:\WINDOWS\WinSxS\amd64_microsoft.windows.common-controls_6595b64144ccf1df_6.0.22000.120_none_9d947278b86cc467\COMCTL32.dll
0x00007ff99cef0000 - 0x00007ff99cf19000 	C:\WINDOWS\System32\GDI32.dll
0x00007ff99a430000 - 0x00007ff99a548000 	C:\WINDOWS\System32\gdi32full.dll
0x00007ff99a550000 - 0x00007ff99a5ed000 	C:\WINDOWS\System32\msvcp_win.dll
0x00007ff994480000 - 0x00007ff99448a000 	C:\WINDOWS\SYSTEM32\VERSION.dll
0x00007ff99bfa0000 - 0x00007ff99bfd2000 	C:\WINDOWS\System32\IMM32.DLL
0x00007ff954d20000 - 0x00007ff954dbb000 	E:\tool\jdk-11.0.15\bin\msvcp140.dll
0x00007ff93d000000 - 0x00007ff93db16000 	E:\tool\jdk-11.0.15\bin\server\jvm.dll
0x00007ff99ba10000 - 0x00007ff99ba18000 	C:\WINDOWS\System32\PSAPI.DLL
0x00007ff995590000 - 0x00007ff995599000 	C:\WINDOWS\SYSTEM32\WSOCK32.dll
0x00007ff99b160000 - 0x00007ff99b1cf000 	C:\WINDOWS\System32\WS2_32.dll
0x00007ff995ab0000 - 0x00007ff995ae3000 	C:\WINDOWS\SYSTEM32\WINMM.dll
0x00007ff9995a0000 - 0x00007ff9995b8000 	C:\WINDOWS\SYSTEM32\kernel.appcore.dll
0x00007ff9955a0000 - 0x00007ff9955b0000 	E:\tool\jdk-11.0.15\bin\verify.dll
0x00007ff993ba0000 - 0x00007ff993dc1000 	C:\WINDOWS\SYSTEM32\DBGHELP.DLL
0x00007ff993a40000 - 0x00007ff993a71000 	C:\WINDOWS\SYSTEM32\dbgcore.DLL
0x00007ff99a5f0000 - 0x00007ff99a66f000 	C:\WINDOWS\System32\bcryptPrimitives.dll
0x00007ff98f470000 - 0x00007ff98f498000 	E:\tool\jdk-11.0.15\bin\java.dll
0x00007ff9927b0000 - 0x00007ff9927ba000 	E:\tool\jdk-11.0.15\bin\jimage.dll
0x00007ff9751a0000 - 0x00007ff9751d8000 	E:\tool\jdk-11.0.15\bin\jdwp.dll
0x00007ff9955e0000 - 0x00007ff9955ee000 	E:\tool\jdk-11.0.15\bin\instrument.dll
0x00007ff98f450000 - 0x00007ff98f466000 	E:\tool\jdk-11.0.15\bin\zip.dll

dbghelp: loaded successfully - version: 4.0.5 - missing functions: none
symbol engine: initialized successfully - sym options: 0x614 - pdb path: .;E:\tool\jdk-11.0.15\bin;C:\WINDOWS\SYSTEM32;C:\WINDOWS\WinSxS\amd64_microsoft.windows.common-controls_6595b64144ccf1df_6.0.22000.120_none_9d947278b86cc467;E:\tool\jdk-11.0.15\bin\server

VM Arguments:
jvm_args: -agentlib:jdwp=transport=dt_socket,address=127.0.0.1:55022,suspend=y,server=n -ea -Didea.test.cyclic.buffer.size=1048576 -javaagent:C:\Users\honor\.IntelliJIdea2019.2\system\captureAgent\debugger-agent.jar -Dfile.encoding=UTF-8 
java_command: com.intellij.rt.execution.junit.JUnitStarter -ideVersion5 -junit4 com.mybatis.demo.TestEmp,builderQuery
java_class_path (initial): D:\develop\IntelliJ IDEA 2019.2\lib\idea_rt.jar;D:\develop\IntelliJ IDEA 2019.2\plugins\junit\lib\junit-rt.jar;D:\develop\IntelliJ IDEA 2019.2\plugins\junit\lib\junit5-rt.jar;F:\Java\project\demo\Mybatis\mybatis-demo1\target\test-classes;F:\Java\project\demo\Mybatis\mybatis-demo1\target\classes;E:\tool\maven_jar\log4j\log4j\1.2.17\log4j-1.2.17.jar;E:\tool\maven_jar\org\mybatis\mybatis\3.5.11\mybatis-3.5.11.jar;E:\tool\maven_jar\junit\junit\4.13.2\junit-4.13.2.jar;E:\tool\maven_jar\org\hamcrest\hamcrest-core\1.3\hamcrest-core-1.3.jar;E:\tool\maven_jar\com\mysql\mysql-connector-j\8.0.31\mysql-connector-j-8.0.31.jar;E:\tool\maven_jar\com\google\protobuf\protobuf-java\3.19.4\protobuf-java-3.19.4.jar
Launcher Type: SUN_STANDARD

[Global flags]
     intx CICompilerCount                          = 4                                         {product} {ergonomic}
     uint ConcGCThreads                            = 2                                         {product} {ergonomic}
     uint G1ConcRefinementThreads                  = 8                                         {product} {ergonomic}
   size_t G1HeapRegionSize                         = 1048576                                   {product} {ergonomic}
    uintx GCDrainStackTargetSize                   = 64                                        {product} {ergonomic}
   size_t InitialHeapSize                          = 266338304                                 {product} {ergonomic}
   size_t MarkStackSize                            = 4194304                                   {product} {ergonomic}
   size_t MaxHeapSize                              = 4253024256                                {product} {ergonomic}
   size_t MinHeapDeltaBytes                        = 1048576                                   {product} {ergonomic}
    uintx NonNMethodCodeHeapSize                   = 5836300                                {pd product} {ergonomic}
    uintx NonProfiledCodeHeapSize                  = 122910970                              {pd product} {ergonomic}
    uintx ProfiledCodeHeapSize                     = 122910970                              {pd product} {ergonomic}
    uintx ReservedCodeCacheSize                    = 251658240                              {pd product} {ergonomic}
     bool SegmentedCodeCache                       = true                                      {product} {ergonomic}
     bool UseCompressedClassPointers               = true                                 {lp64_product} {ergonomic}
     bool UseCompressedOops                        = true                                 {lp64_product} {ergonomic}
     bool UseG1GC                                  = true                                      {product} {ergonomic}
     bool UseLargePagesIndividualAllocation        = false                                  {pd product} {ergonomic}

Logging:
Log output configuration:
 #0: stdout all=warning uptime,level,tags
 #1: stderr all=off uptime,level,tags

Environment Variables:
JAVA_HOME=E:\tool\jdk-11.0.15
PATH=D:\develop\IntelliJ IDEA 2019.2\jbr\\bin;D:\develop\IntelliJ IDEA 2019.2\jbr\\bin\server;E:\tool\VMware Workstation\bin\;E:\tool\jdk-11.0.15\bin;E:\tool\jdk-11.0.15\jre\bin;E:\tool\jdk1.8.0_131\bin;E:\tool\jdk1.8.0_131\jre\bin;C:\WINDOWS\system32;C:\WINDOWS;C:\WINDOWS\System32\Wbem;C:\WINDOWS\System32\WindowsPowerShell\v1.0\;C:\WINDOWS\System32\OpenSSH\;E:\tool\maven3.6.0\bin;E:\tool\nodejs;E:\tool\nodejs\node_global;C:\Users\honor\AppData\Local\Microsoft\WindowsApps;C:\Users\honor\AppData\Roaming\npm;E:\tool\nodejs\node_global;
USERNAME=honor
OS=Windows_NT
PROCESSOR_IDENTIFIER=Intel64 Family 6 Model 142 Stepping 12, GenuineIntel



---------------  S Y S T E M  ---------------

OS: Windows 11 , 64 bit Build 22000 (10.0.22000.1335)

CPU:total 8 (initial active 8) (4 cores per cpu, 2 threads per core) family 6 model 142 stepping 12 microcode 0xde, cmov, cx8, fxsr, mmx, sse, sse2, sse3, ssse3, sse4.1, sse4.2, popcnt, avx, avx2, aes, clmul, erms, 3dnowpref, lzcnt, ht, tsc, tscinvbit, bmi1, bmi2, adx, fma

Memory: 4k page, system-wide physical 16216M (2918M free)
TotalPageFile size 31576M (AvailPageFile size 190M)
current process WorkingSet (physical memory assigned to process): 10M, peak: 10M
current process commit charge ("private bytes"): 60M, peak: 314M

vm_info: Java HotSpot(TM) 64-Bit Server VM (11.0.15+8-LTS-149) for windows-amd64 JRE (11.0.15+8-LTS-149), built on Mar  9 2022 22:42:32 by "mach5one" with MS VC++ 15.9 (VS2017)

END.
